<?xml version="1.0" encoding="UTF-8"?>
<testExecutions version="1">
    <file path="/home/carly/Fireheet/Services/users/src/modules/roles/services/RolesCacheVerifierService.spec.ts">
        <testCase name="UsersCacheVerifierService should be able to list a cached role" duration="32"/>
        <testCase name="UsersCacheVerifierService should be able to list all cached roles" duration="9"/>
    </file>
    <file path="/home/carly/Fireheet/Services/users/src/modules/roles/services/ListRoleByNameService.spec.ts">
        <testCase name="ListRolesByNameService should be able to list a role with a valid name" duration="19"/>
        <testCase name="ListRolesByNameService should not be able to list a role with a invalid name" duration="5"/>
    </file>
    <file path="/home/carly/Fireheet/Services/users/src/modules/roles/services/ListRoleService.spec.ts">
        <testCase name="ListRoleService should be able to list a role with a valid id" duration="21"/>
        <testCase name="ListRoleService should not be able to list a role with a invalid id" duration="5"/>
    </file>
    <file path="/home/carly/Fireheet/Services/users/src/modules/roles/services/ListAllRolesService.spec.ts">
        <testCase name="ListAllRolesService should be able to list all roles" duration="19"/>
    </file>
    <file path="/home/carly/Fireheet/Services/users/src/modules/addresses/services/ListAddressService.spec.ts">
        <testCase name="ListAddressService should be able to list a valid address" duration="17"/>
        <testCase name="ListAddressService should not be able to delete a address with invalid user_id" duration="3"/>
        <testCase name="ListAddressService should not be able to delete a address with invalid address_id" duration="3"/>
    </file>
    <file path="/home/carly/Fireheet/Services/users/src/modules/addresses/services/DeleteAddressService.spec.ts">
        <testCase name="DeleteAddressService should be able to delete a valid address" duration="19"/>
        <testCase name="DeleteAddressService should not be able to delete a address with invalid user_id" duration="4"/>
        <testCase name="DeleteAddressService should not be able to delete a address with invalid address_id" duration="3"/>
    </file>
    <file path="/home/carly/Fireheet/Services/users/src/modules/users/services/UsersCacheVerifierService.spec.ts">
        <testCase name="UsersCacheVerifierService should be able to list a cached user" duration="16"/>
    </file>
    <file path="/home/carly/Fireheet/Services/users/src/modules/addresses/services/ListAllAddressesService.spec.ts">
        <testCase name="ListAllAddressesService should be able to list all addresses of a valid user_id" duration="19"/>
        <testCase name="ListAllAddressesService should not be able to list all addresses of a invalid user_id" duration="6"/>
    </file>
    <file path="/home/carly/Fireheet/Services/users/src/modules/users/services/ListUserService.spec.ts">
        <testCase name="ListUserService should be able to list a user with a valid id" duration="23"/>
        <testCase name="ListUserService should not be able to list a user with a invalid id" duration="8"/>
    </file>
    <file path="/home/carly/Fireheet/Services/users/src/modules/users/services/CreateUserService.spec.ts">
        <testCase name="CreateUserService should be able create a user with a valid credentials" duration="21"/>
        <testCase name="CreateUserService should not be able create a user with same email" duration="4"/>
        <testCase name="CreateUserService should not be able create a user with same document number" duration="5"/>
        <testCase name="CreateUserService should be able create a user without informing the role" duration="6"/>
    </file>
    <file path="/home/carly/Fireheet/Services/users/src/modules/addresses/services/AddressesCacheVerifierService.spec.ts">
        <testCase name="AddressesCacheVerifierService should be able to list a cached address" duration="21"/>
        <testCase name="AddressesCacheVerifierService should be able to list many cached address" duration="6"/>
    </file>
    <file path="/home/carly/Fireheet/Services/users/src/modules/users/services/UpdateUserService.spec.ts">
        <testCase name="UpdateUserService should be able update a user with a valid id" duration="22"/>
        <testCase name="UpdateUserService should not be able update a user with a invalid id" duration="7"/>
        <testCase name="UpdateUserService should not be able update a user email to a already existing one" duration="9"/>
    </file>
    <file path="/home/carly/Fireheet/Services/users/src/modules/addresses/services/CreateAddressService.spec.ts">
        <testCase name="CreateAddressService should be able to create a address with a valid credentials" duration="17"/>
        <testCase name="CreateAddressService should change the main_address_id of the user to the new address" duration="4"/>
        <testCase name="CreateAddressService should not be able to create a address with a invalid user id" duration="4"/>
    </file>
    <file path="/home/carly/Fireheet/Services/users/src/modules/addresses/services/UpdateAddressService.spec.ts">
        <testCase name="UpdateAddressService should be able to update a valid address" duration="21"/>
        <testCase name="UpdateAddressService should not be able to update a address with invalid user_id" duration="5"/>
        <testCase name="UpdateAddressService should not be able to update a address with invalid address_id" duration="4"/>
    </file>
</testExecutions>